[debug] [2022-02-07T05:00:21.699Z] ----------------------------------------------------------------------
[debug] [2022-02-07T05:00:21.701Z] Command:       E:\Program Files\nodejs\node.exe C:\Users\jared\AppData\Roaming\npm\node_modules\firebase-tools\lib\bin\firebase.js emulators:start
[debug] [2022-02-07T05:00:21.701Z] CLI Version:   10.0.1
[debug] [2022-02-07T05:00:21.701Z] Platform:      win32
[debug] [2022-02-07T05:00:21.701Z] Node Version:  v17.3.0
[debug] [2022-02-07T05:00:21.702Z] Time:          Sun Feb 06 2022 23:00:21 GMT-0600 (Central Standard Time)
[debug] [2022-02-07T05:00:21.702Z] ----------------------------------------------------------------------
[debug] 
[debug] [2022-02-07T05:00:21.743Z] > command requires scopes: ["email","openid","https://www.googleapis.com/auth/cloudplatformprojects.readonly","https://www.googleapis.com/auth/firebase","https://www.googleapis.com/auth/cloud-platform"]
[debug] [2022-02-07T05:00:21.743Z] > authorizing via signed-in user (jaredhuff85@gmail.com)
[info] i  emulators: Starting emulators: hosting {"metadata":{"emulator":{"name":"hub"},"message":"Starting emulators: hosting"}}
[debug] [2022-02-07T05:00:21.760Z] [hub] writing locator at C:\Users\jared\AppData\Local\Temp\hub-microdried-261c8.json
[debug] [2022-02-07T05:00:21.828Z] >>> [apiv2][query] GET https://firebasehosting.googleapis.com/v1beta1/projects/microdried-261c8/sites 
[debug] [2022-02-07T05:00:22.089Z] <<< [apiv2][status] GET https://firebasehosting.googleapis.com/v1beta1/projects/microdried-261c8/sites 200
[debug] [2022-02-07T05:00:22.089Z] <<< [apiv2][body] GET https://firebasehosting.googleapis.com/v1beta1/projects/microdried-261c8/sites {"sites":[{"name":"projects/699696361597/sites/microdried-261c8","defaultUrl":"https://microdried-261c8.web.app","appId":"1:699696361597:web:72e170fedbf3a6a0530114","type":"DEFAULT_SITE"}]}
[debug] [2022-02-07T05:00:22.089Z] >>> [apiv2][query] GET https://firebase.googleapis.com/v1beta1/projects/microdried-261c8/webApps/1:699696361597:web:72e170fedbf3a6a0530114/config [none]
[debug] [2022-02-07T05:00:22.638Z] <<< [apiv2][status] GET https://firebase.googleapis.com/v1beta1/projects/microdried-261c8/webApps/1:699696361597:web:72e170fedbf3a6a0530114/config 200
[debug] [2022-02-07T05:00:22.639Z] <<< [apiv2][body] GET https://firebase.googleapis.com/v1beta1/projects/microdried-261c8/webApps/1:699696361597:web:72e170fedbf3a6a0530114/config {"projectId":"microdried-261c8","appId":"1:699696361597:web:72e170fedbf3a6a0530114","storageBucket":"microdried-261c8.appspot.com","locationId":"us-central","apiKey":"AIzaSyCd0SFf7y2RXRzZ1mww5AeTfkB2j81TwCw","authDomain":"microdried-261c8.firebaseapp.com","messagingSenderId":"699696361597","measurementId":"G-RGTLCNQFZV"}
[info] i  hosting: Serving hosting files from: build {"metadata":{"emulator":{"name":"hosting"},"message":"Serving hosting files from: \u001b[1mbuild\u001b[22m"}}
[info] +  hosting: Local server: http://localhost:5000 {"metadata":{"emulator":{"name":"hosting"},"message":"Local server: \u001b[4m\u001b[1mhttp://localhost:5000\u001b[22m\u001b[24m"}}
[warn] !  emulators: The Emulator UI requires a project ID to start. Configure your default project with 'firebase use' or pass the --project flag. {"metadata":{"emulator":{"name":"hub"},"message":"The Emulator UI requires a project ID to start. Configure your default project with 'firebase use' or pass the --project flag."}}
[info] 
┌─────────────────────────────────────────────────────────────┐
│ ✔  All emulators ready! It is now safe to connect your app. │
└─────────────────────────────────────────────────────────────┘

┌──────────┬────────────────┐
│ Emulator │ Host:Port      │
├──────────┼────────────────┤
│ Hosting  │ localhost:5000 │
└──────────┴────────────────┘
  Emulator Hub running at localhost:4400
  Other reserved ports: None

Issues? Report them at https://github.com/firebase/firebase-tools/issues and attach the *-debug.log files.
 
[info] i  hosting: ::1 - - [07/Feb/2022:05:00:58 +0000] "GET / HTTP/1.1" 200 904 "-" "Mozilla/5.0 (Windows NT 10.0; Win64; x64; rv:97.0) Gecko/20100101 Firefox/97.0" {"metadata":{"emulator":{"name":"hosting"},"message":"::1 - - [07/Feb/2022:05:00:58 +0000] \"GET / HTTP/1.1\" 200 904 \"-\" \"Mozilla/5.0 (Windows NT 10.0; Win64; x64; rv:97.0) Gecko/20100101 Firefox/97.0\""}}
[info] i  hosting: ::1 - - [07/Feb/2022:05:00:58 +0000] "GET /static/css/main.93561573.css HTTP/1.1" 200 423 "http://localhost:5000/" "Mozilla/5.0 (Windows NT 10.0; Win64; x64; rv:97.0) Gecko/20100101 Firefox/97.0" {"metadata":{"emulator":{"name":"hosting"},"message":"::1 - - [07/Feb/2022:05:00:58 +0000] \"GET /static/css/main.93561573.css HTTP/1.1\" 200 423 \"http://localhost:5000/\" \"Mozilla/5.0 (Windows NT 10.0; Win64; x64; rv:97.0) Gecko/20100101 Firefox/97.0\""}}
[info] i  hosting: ::1 - - [07/Feb/2022:05:00:58 +0000] "GET /static/js/main.c188ef33.js HTTP/1.1" 200 1022697 "http://localhost:5000/" "Mozilla/5.0 (Windows NT 10.0; Win64; x64; rv:97.0) Gecko/20100101 Firefox/97.0" {"metadata":{"emulator":{"name":"hosting"},"message":"::1 - - [07/Feb/2022:05:00:58 +0000] \"GET /static/js/main.c188ef33.js HTTP/1.1\" 200 1022697 \"http://localhost:5000/\" \"Mozilla/5.0 (Windows NT 10.0; Win64; x64; rv:97.0) Gecko/20100101 Firefox/97.0\""}}
[info] i  hosting: ::1 - - [07/Feb/2022:05:00:58 +0000] "GET /logo192.png HTTP/1.1" - - "http://localhost:5000/" "Mozilla/5.0 (Windows NT 10.0; Win64; x64; rv:97.0) Gecko/20100101 Firefox/97.0" {"metadata":{"emulator":{"name":"hosting"},"message":"::1 - - [07/Feb/2022:05:00:58 +0000] \"GET /logo192.png HTTP/1.1\" - - \"http://localhost:5000/\" \"Mozilla/5.0 (Windows NT 10.0; Win64; x64; rv:97.0) Gecko/20100101 Firefox/97.0\""}}
[info] i  hosting: ::1 - - [07/Feb/2022:05:01:06 +0000] "GET / HTTP/1.1" 200 904 "-" "Mozilla/5.0 (Windows NT 10.0; Win64; x64; rv:97.0) Gecko/20100101 Firefox/97.0" {"metadata":{"emulator":{"name":"hosting"},"message":"::1 - - [07/Feb/2022:05:01:06 +0000] \"GET / HTTP/1.1\" 200 904 \"-\" \"Mozilla/5.0 (Windows NT 10.0; Win64; x64; rv:97.0) Gecko/20100101 Firefox/97.0\""}}
[info] i  hosting: ::1 - - [07/Feb/2022:05:01:06 +0000] "GET /static/css/main.93561573.css HTTP/1.1" 200 423 "http://localhost:5000/" "Mozilla/5.0 (Windows NT 10.0; Win64; x64; rv:97.0) Gecko/20100101 Firefox/97.0" {"metadata":{"emulator":{"name":"hosting"},"message":"::1 - - [07/Feb/2022:05:01:06 +0000] \"GET /static/css/main.93561573.css HTTP/1.1\" 200 423 \"http://localhost:5000/\" \"Mozilla/5.0 (Windows NT 10.0; Win64; x64; rv:97.0) Gecko/20100101 Firefox/97.0\""}}
[info] i  hosting: ::1 - - [07/Feb/2022:05:01:06 +0000] "GET /static/js/main.c188ef33.js HTTP/1.1" 200 1022697 "http://localhost:5000/" "Mozilla/5.0 (Windows NT 10.0; Win64; x64; rv:97.0) Gecko/20100101 Firefox/97.0" {"metadata":{"emulator":{"name":"hosting"},"message":"::1 - - [07/Feb/2022:05:01:06 +0000] \"GET /static/js/main.c188ef33.js HTTP/1.1\" 200 1022697 \"http://localhost:5000/\" \"Mozilla/5.0 (Windows NT 10.0; Win64; x64; rv:97.0) Gecko/20100101 Firefox/97.0\""}}
[info] i  hosting: ::1 - - [07/Feb/2022:05:01:35 +0000] "GET /static/media/MicroDried_logo.e0f145140051ae13cf18.png HTTP/1.1" 200 28516 "http://localhost:5000/" "Mozilla/5.0 (Windows NT 10.0; Win64; x64; rv:97.0) Gecko/20100101 Firefox/97.0" {"metadata":{"emulator":{"name":"hosting"},"message":"::1 - - [07/Feb/2022:05:01:35 +0000] \"GET /static/media/MicroDried_logo.e0f145140051ae13cf18.png HTTP/1.1\" 200 28516 \"http://localhost:5000/\" \"Mozilla/5.0 (Windows NT 10.0; Win64; x64; rv:97.0) Gecko/20100101 Firefox/97.0\""}}
[info] i  hosting: ::1 - - [07/Feb/2022:05:04:50 +0000] "GET /slides HTTP/1.1" 200 904 "-" "Mozilla/5.0 (Windows NT 10.0; Win64; x64; rv:97.0) Gecko/20100101 Firefox/97.0" {"metadata":{"emulator":{"name":"hosting"},"message":"::1 - - [07/Feb/2022:05:04:50 +0000] \"GET /slides HTTP/1.1\" 200 904 \"-\" \"Mozilla/5.0 (Windows NT 10.0; Win64; x64; rv:97.0) Gecko/20100101 Firefox/97.0\""}}
[info] i  hosting: ::1 - - [07/Feb/2022:05:04:50 +0000] "GET /static/css/main.93561573.css HTTP/1.1" 200 423 "http://localhost:5000/slides" "Mozilla/5.0 (Windows NT 10.0; Win64; x64; rv:97.0) Gecko/20100101 Firefox/97.0" {"metadata":{"emulator":{"name":"hosting"},"message":"::1 - - [07/Feb/2022:05:04:50 +0000] \"GET /static/css/main.93561573.css HTTP/1.1\" 200 423 \"http://localhost:5000/slides\" \"Mozilla/5.0 (Windows NT 10.0; Win64; x64; rv:97.0) Gecko/20100101 Firefox/97.0\""}}
[info] i  hosting: ::1 - - [07/Feb/2022:05:04:51 +0000] "GET /static/js/main.c188ef33.js HTTP/1.1" 200 1022697 "http://localhost:5000/slides" "Mozilla/5.0 (Windows NT 10.0; Win64; x64; rv:97.0) Gecko/20100101 Firefox/97.0" {"metadata":{"emulator":{"name":"hosting"},"message":"::1 - - [07/Feb/2022:05:04:51 +0000] \"GET /static/js/main.c188ef33.js HTTP/1.1\" 200 1022697 \"http://localhost:5000/slides\" \"Mozilla/5.0 (Windows NT 10.0; Win64; x64; rv:97.0) Gecko/20100101 Firefox/97.0\""}}
[info] i  hosting: ::1 - - [07/Feb/2022:05:04:51 +0000] "GET /static/media/MicroDried_logo.e0f145140051ae13cf18.png HTTP/1.1" 200 28516 "http://localhost:5000/slides" "Mozilla/5.0 (Windows NT 10.0; Win64; x64; rv:97.0) Gecko/20100101 Firefox/97.0" {"metadata":{"emulator":{"name":"hosting"},"message":"::1 - - [07/Feb/2022:05:04:51 +0000] \"GET /static/media/MicroDried_logo.e0f145140051ae13cf18.png HTTP/1.1\" 200 28516 \"http://localhost:5000/slides\" \"Mozilla/5.0 (Windows NT 10.0; Win64; x64; rv:97.0) Gecko/20100101 Firefox/97.0\""}}
[info] i  hosting: ::1 - - [07/Feb/2022:05:04:52 +0000] "GET /favicon.ico HTTP/1.1" - - "http://localhost:5000/slides" "Mozilla/5.0 (Windows NT 10.0; Win64; x64; rv:97.0) Gecko/20100101 Firefox/97.0" {"metadata":{"emulator":{"name":"hosting"},"message":"::1 - - [07/Feb/2022:05:04:52 +0000] \"GET /favicon.ico HTTP/1.1\" - - \"http://localhost:5000/slides\" \"Mozilla/5.0 (Windows NT 10.0; Win64; x64; rv:97.0) Gecko/20100101 Firefox/97.0\""}}
[info] i  hosting: ::1 - - [07/Feb/2022:05:04:52 +0000] "GET /logo192.png HTTP/1.1" - - "http://localhost:5000/slides" "Mozilla/5.0 (Windows NT 10.0; Win64; x64; rv:97.0) Gecko/20100101 Firefox/97.0" {"metadata":{"emulator":{"name":"hosting"},"message":"::1 - - [07/Feb/2022:05:04:52 +0000] \"GET /logo192.png HTTP/1.1\" - - \"http://localhost:5000/slides\" \"Mozilla/5.0 (Windows NT 10.0; Win64; x64; rv:97.0) Gecko/20100101 Firefox/97.0\""}}
